Current libzmq version is 4.3.4
Current pyzmq version is 23.2.1
Demo program for TCP Server with ZeroMQ
Obtain the ZMQ context
Obtain the REP type socket
TCP server will be binding on tcp://*:5555
Server now waiting to receive something
Received request: b'HelloClient1'
Send  same reply
Received request: b'HelloClient1'
Send  same reply
Received request: b'HelloClient1'
Send  same reply
Received request: b'HelloClient1'
Send  same reply
Received request: b'HelloClient1'
Send  same reply
Received request: b'HelloClient1'
Send  same reply
Received request: b'HelloClient1'
Send  same reply
Received request: b'HelloClient1'
Send  same reply
Received request: b'HelloClient1'
Send  same reply
Received request: b'HelloClient1'
Send  same reply
Received request: b'HelloClient1'
Send  same reply
Received request: b'HelloClient1'
Send  same reply
Received request: b'HelloClient1'
Send  same reply
Received request: b'HelloClient1'
Send  same reply
Received request: b'HelloClient1'
Send  same reply
Received request: b'HelloClient1'
Send  same reply
Received request: b'HelloClient1'
Send  same reply
Received request: b'HelloClient1'
Send  same reply
Received request: b'HelloClient1'
Send  same reply
Received request: b'HelloClient1'
Send  same reply
Received request: b'HelloClient1'
Send  same reply
Received request: b'HelloClient1'
Send  same reply
Received request: b'HelloClient1'
Send  same reply
Received request: b'HelloClient1'
Send  same reply
Received request: b'HelloClient1'
Send  same reply
Received request: b'HelloClient1'
Send  same reply
Received request: b'HelloClient1'
Send  same reply
Received request: b'HelloClient1'
Send  same reply
Received request: b'HelloClient1'
Send  same reply
Received request: b'HelloClient1'
Send  same reply
Received request: b'HelloClient1'
Send  same reply
Received request: b'HelloClient1'
Send  same reply
Received request: b'HelloClient1'
Send  same reply
Received request: b'HelloClient1'
Send  same reply
Received request: b'HelloClient1'
Send  same reply
Received request: b'HelloClient1'
Send  same reply
Received request: b'HelloClient1'
Send  same reply
Received request: b'HelloClient1'
Send  same reply
Received request: b'HelloClient1'
Send  same reply
Received request: b'HelloClient1'
Send  same reply
Received request: b'HelloClient1'
Send  same reply
Received request: b'HelloClient1'
Send  same reply
Received request: b'HelloClient1'
Send  same reply
Received request: b'HelloClient1'
Send  same reply
Received request: b'HelloClient1'
Send  same reply
Received request: b'HelloClient1'
Send  same reply
Received request: b'HelloClient1'
Send  same reply
Received request: b'HelloClient1'
Send  same reply
Received request: b'HelloClient1'
Send  same reply
Received request: b'HelloClient1'
Send  same reply
Received request: b'HelloClient1'
Send  same reply
Received request: b'HelloClient1'
Send  same reply
Received request: b'HelloClient1'
Send  same reply
Received request: b'HelloClient1'
Send  same reply
Received request: b'HelloClient1'
Send  same reply
Received request: b'HelloClient1'
Send  same reply
Received request: b'HelloClient1'
Send  same reply
Received request: b'HelloClient1'
Send  same reply
Received request: b'HelloClient1'
Send  same reply
Received request: b'HelloClient1'
Send  same reply
Received request: b'HelloClient1'
Send  same reply
Received request: b'HelloClient1'
Send  same reply
Received request: b'HelloClient1'
Send  same reply
Received request: b'HelloClient1'
Send  same reply
Received request: b'HelloClient1'
Send  same reply
Received request: b'HelloClient1'
Send  same reply
Received request: b'HelloClient1'
Send  same reply
Received request: b'HelloClient1'
Send  same reply
Received request: b'HelloClient1'
Send  same reply
Received request: b'HelloClient1'
Send  same reply
Received request: b'HelloClient1'
Send  same reply
Received request: b'HelloClient1'
Send  same reply
Received request: b'HelloClient1'
Send  same reply
Received request: b'HelloClient1'
Send  same reply
Received request: b'HelloClient1'
Send  same reply
Received request: b'HelloClient1'
Send  same reply
Received request: b'HelloClient1'
Send  same reply
Received request: b'HelloClient1'
Send  same reply
Received request: b'HelloClient1'
Send  same reply
Received request: b'HelloClient1'
Send  same reply
Received request: b'HelloClient1'
Send  same reply
Received request: b'HelloClient1'
Send  same reply
Received request: b'HelloClient1'
Send  same reply
Received request: b'HelloClient1'
Send  same reply
Received request: b'HelloClient1'
Send  same reply
Received request: b'HelloClient1'
Send  same reply
Received request: b'HelloClient1'
Send  same reply
Received request: b'HelloClient1'
Send  same reply
Received request: b'HelloClient1'
Send  same reply
Received request: b'HelloClient1'
Send  same reply
Received request: b'HelloClient1'
Send  same reply
Received request: b'HelloClient1'
Send  same reply
Received request: b'HelloClient1'
Send  same reply
Received request: b'HelloClient1'
Send  same reply
Received request: b'HelloClient1'
Send  same reply
Received request: b'HelloClient1'
Send  same reply
Received request: b'HelloClient1'
Send  same reply
Received request: b'HelloClient1'
Send  same reply
Received request: b'HelloClient1'
Send  same reply
Received request: b'HelloClient1'
Send  same reply
Received request: b'HelloClient1'
Send  same reply
Received request: b'HelloClient1'
Send  same reply
Received request: b'HelloClient1'
Send  same reply
Received request: b'HelloClient1'
Send  same reply
Received request: b'HelloClient1'
Send  same reply
Received request: b'HelloClient1'
Send  same reply
Received request: b'HelloClient1'
Send  same reply
Received request: b'HelloClient1'
Send  same reply
Received request: b'HelloClient1'
Send  same reply
Received request: b'HelloClient1'
Send  same reply
Received request: b'HelloClient1'
Send  same reply
Received request: b'HelloClient1'
Send  same reply
Received request: b'HelloClient1'
Send  same reply
Received request: b'HelloClient1'
Send  same reply
Received request: b'HelloClient1'
Send  same reply
Received request: b'HelloClient1'
Send  same reply
Received request: b'HelloClient1'
Send  same reply
Received request: b'HelloClient1'
Send  same reply
Received request: b'HelloClient1'
Send  same reply
Received request: b'HelloClient1'
Send  same reply
Received request: b'HelloClient1'
Send  same reply
Received request: b'HelloClient1'
Send  same reply
Received request: b'HelloClient1'
Send  same reply
Received request: b'HelloClient1'
Send  same reply
Received request: b'HelloClient1'
Send  same reply
Received request: b'HelloClient1'
Send  same reply
Received request: b'HelloClient1'
Send  same reply
Received request: b'HelloClient1'
Send  same reply
Received request: b'HelloClient1'
Send  same reply
Received request: b'HelloClient1'
Send  same reply
Received request: b'HelloClient1'
Send  same reply
Received request: b'HelloClient1'
Send  same reply
Received request: b'HelloClient1'
Send  same reply
Received request: b'HelloClient1'
Send  same reply
Received request: b'HelloClient1'
Send  same reply
Received request: b'HelloClient1'
Send  same reply
Received request: b'HelloClient1'
Send  same reply
Received request: b'HelloClient1'
Send  same reply
Received request: b'HelloClient1'
Send  same reply
Received request: b'HelloClient1'
Send  same reply
Received request: b'HelloClient1'
Send  same reply
Received request: b'HelloClient1'
Send  same reply
Received request: b'HelloClient1'
Send  same reply
Received request: b'HelloClient1'
Send  same reply
Received request: b'HelloClient1'
Send  same reply
Received request: b'HelloClient1'
Send  same reply
Received request: b'HelloClient1'
Send  same reply
Received request: b'HelloClient1'
Send  same reply
Received request: b'HelloClient1'
Send  same reply
Received request: b'HelloClient1'
Send  same reply
Received request: b'HelloClient1'
Send  same reply
Received request: b'HelloClient1'
Send  same reply
Received request: b'HelloClient1'
Send  same reply
Received request: b'HelloClient1'
Send  same reply
Received request: b'HelloClient1'
Send  same reply
Received request: b'HelloClient1'
Send  same reply